<?xml version="1.0" encoding="UTF-8"?>
<testsuite xmlns:xsi="http://www.w3.org/2001/XMLSchema-instance" xsi:noNamespaceSchemaLocation="https://maven.apache.org/surefire/maven-surefire-plugin/xsd/surefire-test-report-3.0.xsd" version="3.0" name="co.unicauca.figures.domain.testCircle" time="0.087" tests="1" errors="0" skipped="0" failures="0">
  <properties>
[...]
</properties>
  <testcase name="testPerimeter" classname="co.unicauca.figures.domain.testCircle" time="0.038">
    <system-out><![CDATA[calculate Perimeter
]]></system-out>
  </testcase>
</testsuite>